#
# There is insufficient memory for the Java Runtime Environment to continue.
# Native memory allocation (mmap) failed to map 1835008 bytes for G1 virtual space
# Possible reasons:
#   The system is out of physical RAM or swap space
#   The process is running with CompressedOops enabled, and the Java Heap may be blocking the growth of the native heap
# Possible solutions:
#   Reduce memory load on the system
#   Increase physical memory or swap space
#   Check if swap backing store is full
#   Decrease Java heap size (-Xmx/-Xms)
#   Decrease number of Java threads
#   Decrease Java thread stack sizes (-Xss)
#   Set larger code cache with -XX:ReservedCodeCacheSize=
#   JVM is running with Unscaled Compressed Oops mode in which the Java heap is
#     placed in the first 4GB address space. The Java Heap base address is the
#     maximum limit for the native heap growth. Please use -XX:HeapBaseMinAddress
#     to set the Java Heap base and to place the Java Heap above 4GB virtual address.
# This output file may be truncated or incomplete.
#
#  Out of Memory Error (os_windows.cpp:3527), pid=18640, tid=15356
#
# JRE version:  (19.0.1+10) (build )
# Java VM: Java HotSpot(TM) 64-Bit Server VM (19.0.1+10-21, mixed mode, sharing, tiered, compressed oops, compressed class ptrs, g1 gc, windows-amd64)
# No core dump will be written. Minidumps are not enabled by default on client versions of Windows
#

---------------  S U M M A R Y ------------

Command Line: -javaagent:C:\Program Files\JetBrains\IntelliJ IDEA Community Edition 2024.2.0.2\lib\idea_rt.jar=5891:C:\Program Files\JetBrains\IntelliJ IDEA Community Edition 2024.2.0.2\bin -Dfile.encoding=UTF-8 -Dsun.stdout.encoding=UTF-8 -Dsun.stderr.encoding=UTF-8 Quadratic_equation

Host: AMD Ryzen 5 3500U with Radeon Vega Mobile Gfx  , 8 cores, 6G,  Windows 11 , 64 bit Build 22621 (10.0.22621.4000)
Time: Sat Aug 24 13:42:33 2024 India Standard Time elapsed time: 0.029468 seconds (0d 0h 0m 0s)

---------------  T H R E A D  ---------------

Current thread (0x000002179bbdd6f0):  JavaThread "Unknown thread" [_thread_in_vm, id=15356, stack(0x000000aa78100000,0x000000aa78200000)]

Stack: [0x000000aa78100000,0x000000aa78200000]
Native frames: (J=compiled Java code, j=interpreted, Vv=VM code, C=native code)
V  [jvm.dll+0x6ee8fa]
V  [jvm.dll+0x857a1e]
V  [jvm.dll+0x85940e]
V  [jvm.dll+0x859ac3]
V  [jvm.dll+0x28291f]
V  [jvm.dll+0x6eb6e9]
V  [jvm.dll+0x6e028a]
V  [jvm.dll+0x357136]
V  [jvm.dll+0x35eb96]
V  [jvm.dll+0x3b5573]
V  [jvm.dll+0x3b578f]
V  [jvm.dll+0x32c6ea]
V  [jvm.dll+0x32d59e]
V  [jvm.dll+0x821b20]
V  [jvm.dll+0x3c27c1]
V  [jvm.dll+0x8022f1]
V  [jvm.dll+0x44b30f]
V  [jvm.dll+0x44cc91]
C  [jli.dll+0x5287]
C  [ucrtbase.dll+0x29333]
C  [KERNEL32.DLL+0x1257d]
C  [ntdll.dll+0x5af28]


---------------  P R O C E S S  ---------------

Threads class SMR info:
_java_thread_list=0x00007ffc4f3bd048, length=0, elements={
}

Java Threads: ( => current thread )

Other Threads:
  0x000002179bc37130 WorkerThread "GC Thread#0" [stack: 0x000000aa78200000,0x000000aa78300000] [id=3552]
  0x000002179bc477e0 ConcurrentGCThread "G1 Main Marker" [stack: 0x000000aa78300000,0x000000aa78400000] [id=17416]
  0x000002179bc4b230 WorkerThread "G1 Conc#0" [stack: 0x000000aa78400000,0x000000aa78500000] [id=22520]

[error occurred during error reporting (printing all threads), id 0xc0000005, EXCEPTION_ACCESS_VIOLATION (0xc0000005) at pc=0x00007ffc4eb7d127]

VM state: not at safepoint (not fully initialized)

VM Mutex/Monitor currently owned by a thread:  ([mutex/lock_event])
[0x000002179bbd90f0] Heap_lock - owner thread: 0x000002179bbdd6f0

Heap address: 0x0000000091000000, size: 1776 MB, Compressed Oops mode: 32-bit

CDS archive(s) mapped at: [0x0000000000000000-0x0000000000000000-0x0000000000000000), size 0, SharedBaseAddress: 0x0000000800000000, ArchiveRelocationMode: 0.
Narrow klass base: 0x0000000000000000, Narrow klass shift: 0, Narrow klass range: 0x0

GC Precious Log:
 CardTable entry size: 512
 Card Set container configuration: InlinePtr #cards 5 size 8 Array Of Cards #cards 12 size 40 Howl #buckets 4 coarsen threshold 1843 Howl Bitmap #cards 512 size 80 coarsen threshold 460 Card regions per heap region 1 cards per card region 2048

Heap:
 garbage-first heap   total 0K, used 0K [0x0000000091000000, 0x0000000100000000)
  region size 1024K, 0 young (0K), 0 survivors (0K)

[error occurred during error reporting (printing heap information), id 0xc0000005, EXCEPTION_ACCESS_VIOLATION (0xc0000005) at pc=0x00007ffc4ef86959]

GC Heap History (0 events):
No events

Dll operation events (1 events):
Event: 0.020 Loaded shared library C:\Program Files\Java\jdk-19\bin\java.dll

Deoptimization events (0 events):
No events

Classes loaded (0 events):
No events

Classes unloaded (0 events):
No events

Classes redefined (0 events):
No events

Internal exceptions (0 events):
No events

VM Operations (0 events):
No events

Events (0 events):
No events


Dynamic libraries:
0x00007ff714750000 - 0x00007ff714760000 	C:\Program Files\Java\jdk-19\bin\java.exe
0x00007ffca6c70000 - 0x00007ffca6e87000 	C:\WINDOWS\SYSTEM32\ntdll.dll
0x00007ffca6460000 - 0x00007ffca6524000 	C:\WINDOWS\System32\KERNEL32.DLL
0x00007ffca4240000 - 0x00007ffca45f0000 	C:\WINDOWS\System32\KERNELBASE.dll
0x00007ffca45f0000 - 0x00007ffca4701000 	C:\WINDOWS\System32\ucrtbase.dll
0x00007ffc9cd60000 - 0x00007ffc9cd7b000 	C:\Program Files\Java\jdk-19\bin\VCRUNTIME140.dll
0x00007ffc9ed00000 - 0x00007ffc9ed18000 	C:\Program Files\Java\jdk-19\bin\jli.dll
0x00007ffca5a50000 - 0x00007ffca5b02000 	C:\WINDOWS\System32\ADVAPI32.dll
0x00007ffca4d10000 - 0x00007ffca4db7000 	C:\WINDOWS\System32\msvcrt.dll
0x00007ffca4c20000 - 0x00007ffca4cc9000 	C:\WINDOWS\System32\sechost.dll
0x00007ffca3f90000 - 0x00007ffca3fb8000 	C:\WINDOWS\System32\bcrypt.dll
0x00007ffca5780000 - 0x00007ffca5894000 	C:\WINDOWS\System32\RPCRT4.dll
0x00007ffca58a0000 - 0x00007ffca5a4e000 	C:\WINDOWS\System32\USER32.dll
0x00007ffca4210000 - 0x00007ffca4236000 	C:\WINDOWS\System32\win32u.dll
0x00007ffc887d0000 - 0x00007ffc88a63000 	C:\WINDOWS\WinSxS\amd64_microsoft.windows.common-controls_6595b64144ccf1df_6.0.22621.3646_none_27105dd3738543d4\COMCTL32.dll
0x00007ffca6850000 - 0x00007ffca6879000 	C:\WINDOWS\System32\GDI32.dll
0x00007ffca4710000 - 0x00007ffca4829000 	C:\WINDOWS\System32\gdi32full.dll
0x00007ffca4030000 - 0x00007ffca40ca000 	C:\WINDOWS\System32\msvcp_win.dll
0x00007ffc9b640000 - 0x00007ffc9b64a000 	C:\WINDOWS\SYSTEM32\VERSION.dll
0x00007ffca4cd0000 - 0x00007ffca4d01000 	C:\WINDOWS\System32\IMM32.DLL
0x00007ffc9f750000 - 0x00007ffc9f75c000 	C:\Program Files\Java\jdk-19\bin\vcruntime140_1.dll
0x00007ffc83270000 - 0x00007ffc832fe000 	C:\Program Files\Java\jdk-19\bin\msvcp140.dll
0x00007ffc4e840000 - 0x00007ffc4f500000 	C:\Program Files\Java\jdk-19\bin\server\jvm.dll
0x00007ffc9f910000 - 0x00007ffc9f919000 	C:\WINDOWS\SYSTEM32\WSOCK32.dll
0x00007ffca5b10000 - 0x00007ffca5b81000 	C:\WINDOWS\System32\WS2_32.dll
0x00007ffca0ff0000 - 0x00007ffca1024000 	C:\WINDOWS\SYSTEM32\WINMM.dll
0x00007ffca2f80000 - 0x00007ffca2f98000 	C:\WINDOWS\SYSTEM32\kernel.appcore.dll
0x00007ffc9eda0000 - 0x00007ffc9edaa000 	C:\Program Files\Java\jdk-19\bin\jimage.dll
0x00007ffca1560000 - 0x00007ffca1792000 	C:\WINDOWS\SYSTEM32\DBGHELP.DLL
0x00007ffca6880000 - 0x00007ffca6c0e000 	C:\WINDOWS\System32\combase.dll
0x00007ffca4a50000 - 0x00007ffca4b27000 	C:\WINDOWS\System32\OLEAUT32.dll
0x00007ffc9c8d0000 - 0x00007ffc9c902000 	C:\WINDOWS\SYSTEM32\dbgcore.DLL
0x00007ffca4190000 - 0x00007ffca420b000 	C:\WINDOWS\System32\bcryptPrimitives.dll
0x00007ffc9ec60000 - 0x00007ffc9ec6e000 	C:\Program Files\Java\jdk-19\bin\instrument.dll
0x00007ffc98a00000 - 0x00007ffc98a26000 	C:\Program Files\Java\jdk-19\bin\java.dll

dbghelp: loaded successfully - version: 4.0.5 - missing functions: none
symbol engine: initialized successfully - sym options: 0x614 - pdb path: .;C:\Program Files\Java\jdk-19\bin;C:\WINDOWS\SYSTEM32;C:\WINDOWS\WinSxS\amd64_microsoft.windows.common-controls_6595b64144ccf1df_6.0.22621.3646_none_27105dd3738543d4;C:\Program Files\Java\jdk-19\bin\server

VM Arguments:
jvm_args: -javaagent:C:\Program Files\JetBrains\IntelliJ IDEA Community Edition 2024.2.0.2\lib\idea_rt.jar=5891:C:\Program Files\JetBrains\IntelliJ IDEA Community Edition 2024.2.0.2\bin -Dfile.encoding=UTF-8 -Dsun.stdout.encoding=UTF-8 -Dsun.stderr.encoding=UTF-8 
java_command: Quadratic_equation
java_class_path (initial): C:\Users\Arpit Kumar\IdeaProjects\java_programs\out\production\java_programs
Launcher Type: SUN_STANDARD

[Global flags]
     intx CICompilerCount                          = 4                                         {product} {ergonomic}
     uint ConcGCThreads                            = 2                                         {product} {ergonomic}
     uint G1ConcRefinementThreads                  = 8                                         {product} {ergonomic}
   size_t G1HeapRegionSize                         = 1048576                                   {product} {ergonomic}
    uintx GCDrainStackTargetSize                   = 64                                        {product} {ergonomic}
   size_t InitialHeapSize                          = 117440512                                 {product} {ergonomic}
   size_t MarkStackSize                            = 4194304                                   {product} {ergonomic}
   size_t MaxHeapSize                              = 1862270976                                {product} {ergonomic}
   size_t MinHeapDeltaBytes                        = 1048576                                   {product} {ergonomic}
   size_t MinHeapSize                              = 8388608                                   {product} {ergonomic}
    uintx NonNMethodCodeHeapSize                   = 5839372                                {pd product} {ergonomic}
    uintx NonProfiledCodeHeapSize                  = 122909434                              {pd product} {ergonomic}
    uintx ProfiledCodeHeapSize                     = 122909434                              {pd product} {ergonomic}
    uintx ReservedCodeCacheSize                    = 251658240                              {pd product} {ergonomic}
     bool SegmentedCodeCache                       = true                                      {product} {ergonomic}
   size_t SoftMaxHeapSize                          = 1862270976                             {manageable} {ergonomic}
     bool UseCompressedClassPointers               = true                           {product lp64_product} {ergonomic}
     bool UseCompressedOops                        = true                           {product lp64_product} {ergonomic}
     bool UseG1GC                                  = true                                      {product} {ergonomic}
     bool UseLargePagesIndividualAllocation        = false                                  {pd product} {ergonomic}

Logging:
Log output configuration:
 #0: stdout all=warning uptime,level,tags foldmultilines=false
 #1: stderr all=off uptime,level,tags foldmultilines=false

Environment Variables:
PATH=C:\Program Files\Common Files\Oracle\Java\javapath;C:\Python 37\Scripts\;C:\Python 37\;C:\WINDOWS\system32;C:\WINDOWS;C:\WINDOWS\System32\Wbem;C:\WINDOWS\System32\WindowsPowerShell\v1.0\;C:\WINDOWS\System32\OpenSSH\;C:\Program Files\Git\cmd;C:\Program Files\nodejs\;C:\Program Files\MySQL\MySQL Shell 8.0\bin\;C:\Users\Arpit Kumar\AppData\Local\Microsoft\WindowsApps;C:\Users\Arpit Kumar\AppData\Local\Programs\Microsoft VS Code\bin;C:\Program Files\MySQL\MySQL Server 8.0\bin;;C:\Program Files\JetBrains\IntelliJ IDEA Community Edition 2022.2.3\bin;;C:\Users\Arpit Kumar\AppData\Roaming\npm;C:\Users\Arpit Kumar\AppData\Local\Programs\mongosh\
USERNAME=Arpit Kumar
OS=Windows_NT
PROCESSOR_IDENTIFIER=AMD64 Family 23 Model 24 Stepping 1, AuthenticAMD
TMP=C:\Users\ARPITK~1\AppData\Local\Temp
TEMP=C:\Users\ARPITK~1\AppData\Local\Temp



---------------  S Y S T E M  ---------------

OS:
 Windows 11 , 64 bit Build 22621 (10.0.22621.4000)
OS uptime: 1 days 20:20 hours
Hyper-V role detected

CPU: total 8 (initial active 8) (8 cores per cpu, 2 threads per core) family 23 model 24 stepping 1 microcode 0x0, cx8, cmov, fxsr, ht, mmx, 3dnowpref, sse, sse2, sse3, ssse3, sse4a, sse4.1, sse4.2, popcnt, lzcnt, tsc, tscinvbit, avx, avx2, aes, clmul, bmi1, bmi2, adx, sha, fma, vzeroupper, clflush, clflushopt, hv, rdtscp

Memory: 4k page, system-wide physical 7103M (744M free)
TotalPageFile size 25389M (AvailPageFile size 7M)
current process WorkingSet (physical memory assigned to process): 11M, peak: 11M
current process commit charge ("private bytes"): 172M, peak: 174M

vm_info: Java HotSpot(TM) 64-Bit Server VM (19.0.1+10-21) for windows-amd64 JRE (19.0.1+10-21), built on 2022-09-14T12:45:06Z by "mach5one" with MS VC++ 17.1 (VS2022)

END.
